<?xml version="1.0" encoding="UTF-8"?>
<testsuite xmlns:xsi="http://www.w3.org/2001/XMLSchema-instance" xsi:noNamespaceSchemaLocation="https://maven.apache.org/surefire/maven-surefire-plugin/xsd/surefire-test-report.xsd" name="RunCucumberTest" time="24.459" tests="1" errors="0" skipped="0" failures="0">
  <properties>
    <property name="sun.desktop" value="gnome"/>
    <property name="awt.toolkit" value="sun.awt.X11.XToolkit"/>
    <property name="java.specification.version" value="11"/>
    <property name="sun.cpu.isalist" value=""/>
    <property name="sun.jnu.encoding" value="UTF-8"/>
    <property name="java.class.path" value="/home/dmgonzalez2/Descargas/challenge-pilot/target/test-classes:/home/dmgonzalez2/Descargas/challenge-pilot/target/classes:/home/dmgonzalez2/.m2/repository/io/cucumber/cucumber-java/7.4.1/cucumber-java-7.4.1.jar:/home/dmgonzalez2/.m2/repository/io/cucumber/cucumber-core/7.4.1/cucumber-core-7.4.1.jar:/home/dmgonzalez2/.m2/repository/io/cucumber/cucumber-gherkin/7.4.1/cucumber-gherkin-7.4.1.jar:/home/dmgonzalez2/.m2/repository/io/cucumber/cucumber-gherkin-messages/7.4.1/cucumber-gherkin-messages-7.4.1.jar:/home/dmgonzalez2/.m2/repository/io/cucumber/messages/18.0.0/messages-18.0.0.jar:/home/dmgonzalez2/.m2/repository/io/cucumber/tag-expressions/4.1.0/tag-expressions-4.1.0.jar:/home/dmgonzalez2/.m2/repository/io/cucumber/cucumber-expressions/16.0.0/cucumber-expressions-16.0.0.jar:/home/dmgonzalez2/.m2/repository/io/cucumber/datatable/7.4.1/datatable-7.4.1.jar:/home/dmgonzalez2/.m2/repository/io/cucumber/cucumber-plugin/7.4.1/cucumber-plugin-7.4.1.jar:/home/dmgonzalez2/.m2/repository/io/cucumber/docstring/7.4.1/docstring-7.4.1.jar:/home/dmgonzalez2/.m2/repository/io/cucumber/html-formatter/19.2.0/html-formatter-19.2.0.jar:/home/dmgonzalez2/.m2/repository/io/cucumber/ci-environment/9.0.4/ci-environment-9.0.4.jar:/home/dmgonzalez2/.m2/repository/org/apiguardian/apiguardian-api/1.1.2/apiguardian-api-1.1.2.jar:/home/dmgonzalez2/.m2/repository/io/cucumber/cucumber-junit/7.4.1/cucumber-junit-7.4.1.jar:/home/dmgonzalez2/.m2/repository/org/awaitility/awaitility/4.2.0/awaitility-4.2.0.jar:/home/dmgonzalez2/.m2/repository/org/hamcrest/hamcrest/2.1/hamcrest-2.1.jar:/home/dmgonzalez2/.m2/repository/org/seleniumhq/selenium/selenium-java/4.8.1/selenium-java-4.8.1.jar:/home/dmgonzalez2/.m2/repository/org/seleniumhq/selenium/selenium-api/4.8.1/selenium-api-4.8.1.jar:/home/dmgonzalez2/.m2/repository/org/seleniumhq/selenium/selenium-chrome-driver/4.8.1/selenium-chrome-driver-4.8.1.jar:/home/dmgonzalez2/.m2/repository/com/google/auto/service/auto-service-annotations/1.0.1/auto-service-annotations-1.0.1.jar:/home/dmgonzalez2/.m2/repository/com/google/auto/service/auto-service/1.0.1/auto-service-1.0.1.jar:/home/dmgonzalez2/.m2/repository/com/google/auto/auto-common/1.2/auto-common-1.2.jar:/home/dmgonzalez2/.m2/repository/com/google/guava/guava/31.1-jre/guava-31.1-jre.jar:/home/dmgonzalez2/.m2/repository/com/google/guava/failureaccess/1.0.1/failureaccess-1.0.1.jar:/home/dmgonzalez2/.m2/repository/com/google/guava/listenablefuture/9999.0-empty-to-avoid-conflict-with-guava/listenablefuture-9999.0-empty-to-avoid-conflict-with-guava.jar:/home/dmgonzalez2/.m2/repository/com/google/code/findbugs/jsr305/3.0.2/jsr305-3.0.2.jar:/home/dmgonzalez2/.m2/repository/org/checkerframework/checker-qual/3.12.0/checker-qual-3.12.0.jar:/home/dmgonzalez2/.m2/repository/com/google/errorprone/error_prone_annotations/2.11.0/error_prone_annotations-2.11.0.jar:/home/dmgonzalez2/.m2/repository/com/google/j2objc/j2objc-annotations/1.3/j2objc-annotations-1.3.jar:/home/dmgonzalez2/.m2/repository/org/seleniumhq/selenium/selenium-chromium-driver/4.8.1/selenium-chromium-driver-4.8.1.jar:/home/dmgonzalez2/.m2/repository/org/seleniumhq/selenium/selenium-json/4.8.1/selenium-json-4.8.1.jar:/home/dmgonzalez2/.m2/repository/org/seleniumhq/selenium/selenium-devtools-v108/4.8.1/selenium-devtools-v108-4.8.1.jar:/home/dmgonzalez2/.m2/repository/org/seleniumhq/selenium/selenium-devtools-v109/4.8.1/selenium-devtools-v109-4.8.1.jar:/home/dmgonzalez2/.m2/repository/org/seleniumhq/selenium/selenium-devtools-v110/4.8.1/selenium-devtools-v110-4.8.1.jar:/home/dmgonzalez2/.m2/repository/org/seleniumhq/selenium/selenium-devtools-v85/4.8.1/selenium-devtools-v85-4.8.1.jar:/home/dmgonzalez2/.m2/repository/org/seleniumhq/selenium/selenium-edge-driver/4.8.1/selenium-edge-driver-4.8.1.jar:/home/dmgonzalez2/.m2/repository/org/seleniumhq/selenium/selenium-firefox-driver/4.8.1/selenium-firefox-driver-4.8.1.jar:/home/dmgonzalez2/.m2/repository/org/seleniumhq/selenium/selenium-http/4.8.1/selenium-http-4.8.1.jar:/home/dmgonzalez2/.m2/repository/dev/failsafe/failsafe/3.3.0/failsafe-3.3.0.jar:/home/dmgonzalez2/.m2/repository/org/seleniumhq/selenium/selenium-ie-driver/4.8.1/selenium-ie-driver-4.8.1.jar:/home/dmgonzalez2/.m2/repository/org/seleniumhq/selenium/selenium-remote-driver/4.8.1/selenium-remote-driver-4.8.1.jar:/home/dmgonzalez2/.m2/repository/io/netty/netty-buffer/4.1.87.Final/netty-buffer-4.1.87.Final.jar:/home/dmgonzalez2/.m2/repository/io/netty/netty-codec-http/4.1.87.Final/netty-codec-http-4.1.87.Final.jar:/home/dmgonzalez2/.m2/repository/io/netty/netty-codec/4.1.87.Final/netty-codec-4.1.87.Final.jar:/home/dmgonzalez2/.m2/repository/io/netty/netty-handler/4.1.87.Final/netty-handler-4.1.87.Final.jar:/home/dmgonzalez2/.m2/repository/io/netty/netty-common/4.1.87.Final/netty-common-4.1.87.Final.jar:/home/dmgonzalez2/.m2/repository/io/netty/netty-transport-classes-epoll/4.1.87.Final/netty-transport-classes-epoll-4.1.87.Final.jar:/home/dmgonzalez2/.m2/repository/io/netty/netty-transport-classes-kqueue/4.1.87.Final/netty-transport-classes-kqueue-4.1.87.Final.jar:/home/dmgonzalez2/.m2/repository/io/netty/netty-transport-native-epoll/4.1.87.Final/netty-transport-native-epoll-4.1.87.Final.jar:/home/dmgonzalez2/.m2/repository/io/netty/netty-transport-native-kqueue/4.1.87.Final/netty-transport-native-kqueue-4.1.87.Final.jar:/home/dmgonzalez2/.m2/repository/io/netty/netty-transport-native-unix-common/4.1.87.Final/netty-transport-native-unix-common-4.1.87.Final.jar:/home/dmgonzalez2/.m2/repository/io/netty/netty-transport/4.1.87.Final/netty-transport-4.1.87.Final.jar:/home/dmgonzalez2/.m2/repository/io/netty/netty-resolver/4.1.87.Final/netty-resolver-4.1.87.Final.jar:/home/dmgonzalez2/.m2/repository/io/opentelemetry/opentelemetry-api/1.22.0/opentelemetry-api-1.22.0.jar:/home/dmgonzalez2/.m2/repository/io/opentelemetry/opentelemetry-context/1.22.0/opentelemetry-context-1.22.0.jar:/home/dmgonzalez2/.m2/repository/io/opentelemetry/opentelemetry-exporter-logging/1.22.0/opentelemetry-exporter-logging-1.22.0.jar:/home/dmgonzalez2/.m2/repository/io/opentelemetry/opentelemetry-sdk-metrics/1.22.0/opentelemetry-sdk-metrics-1.22.0.jar:/home/dmgonzalez2/.m2/repository/io/opentelemetry/opentelemetry-sdk-logs/1.22.0-alpha/opentelemetry-sdk-logs-1.22.0-alpha.jar:/home/dmgonzalez2/.m2/repository/io/opentelemetry/opentelemetry-api-logs/1.22.0-alpha/opentelemetry-api-logs-1.22.0-alpha.jar:/home/dmgonzalez2/.m2/repository/io/opentelemetry/opentelemetry-sdk-common/1.22.0/opentelemetry-sdk-common-1.22.0.jar:/home/dmgonzalez2/.m2/repository/io/opentelemetry/opentelemetry-sdk-extension-autoconfigure-spi/1.22.0/opentelemetry-sdk-extension-autoconfigure-spi-1.22.0.jar:/home/dmgonzalez2/.m2/repository/io/opentelemetry/opentelemetry-sdk-extension-autoconfigure/1.22.0-alpha/opentelemetry-sdk-extension-autoconfigure-1.22.0-alpha.jar:/home/dmgonzalez2/.m2/repository/io/opentelemetry/opentelemetry-sdk-trace/1.22.0/opentelemetry-sdk-trace-1.22.0.jar:/home/dmgonzalez2/.m2/repository/io/opentelemetry/opentelemetry-sdk/1.22.0/opentelemetry-sdk-1.22.0.jar:/home/dmgonzalez2/.m2/repository/io/opentelemetry/opentelemetry-semconv/1.22.0-alpha/opentelemetry-semconv-1.22.0-alpha.jar:/home/dmgonzalez2/.m2/repository/io/ous/jtoml/2.0.0/jtoml-2.0.0.jar:/home/dmgonzalez2/.m2/repository/net/bytebuddy/byte-buddy/1.12.22/byte-buddy-1.12.22.jar:/home/dmgonzalez2/.m2/repository/org/apache/commons/commons-exec/1.3/commons-exec-1.3.jar:/home/dmgonzalez2/.m2/repository/org/asynchttpclient/async-http-client/2.12.3/async-http-client-2.12.3.jar:/home/dmgonzalez2/.m2/repository/org/asynchttpclient/async-http-client-netty-utils/2.12.3/async-http-client-netty-utils-2.12.3.jar:/home/dmgonzalez2/.m2/repository/io/netty/netty-codec-socks/4.1.60.Final/netty-codec-socks-4.1.60.Final.jar:/home/dmgonzalez2/.m2/repository/io/netty/netty-handler-proxy/4.1.60.Final/netty-handler-proxy-4.1.60.Final.jar:/home/dmgonzalez2/.m2/repository/io/netty/netty-transport-native-epoll/4.1.60.Final/netty-transport-native-epoll-4.1.60.Final-linux-x86_64.jar:/home/dmgonzalez2/.m2/repository/io/netty/netty-transport-native-kqueue/4.1.60.Final/netty-transport-native-kqueue-4.1.60.Final-osx-x86_64.jar:/home/dmgonzalez2/.m2/repository/org/reactivestreams/reactive-streams/1.0.3/reactive-streams-1.0.3.jar:/home/dmgonzalez2/.m2/repository/com/typesafe/netty/netty-reactive-streams/2.0.4/netty-reactive-streams-2.0.4.jar:/home/dmgonzalez2/.m2/repository/com/sun/activation/jakarta.activation/1.2.2/jakarta.activation-1.2.2.jar:/home/dmgonzalez2/.m2/repository/org/seleniumhq/selenium/selenium-manager/4.8.1/selenium-manager-4.8.1.jar:/home/dmgonzalez2/.m2/repository/org/seleniumhq/selenium/selenium-safari-driver/4.8.1/selenium-safari-driver-4.8.1.jar:/home/dmgonzalez2/.m2/repository/org/seleniumhq/selenium/selenium-support/4.8.1/selenium-support-4.8.1.jar:/home/dmgonzalez2/.m2/repository/junit/junit/4.13.2/junit-4.13.2.jar:/home/dmgonzalez2/.m2/repository/org/hamcrest/hamcrest-core/1.3/hamcrest-core-1.3.jar:/home/dmgonzalez2/.m2/repository/org/aeonbits/owner/owner/1.0.12/owner-1.0.12.jar:/home/dmgonzalez2/.m2/repository/io/qameta/allure/allure-cucumber7-jvm/2.19.0/allure-cucumber7-jvm-2.19.0.jar:/home/dmgonzalez2/.m2/repository/io/qameta/allure/allure-java-commons/2.19.0/allure-java-commons-2.19.0.jar:/home/dmgonzalez2/.m2/repository/org/slf4j/slf4j-api/1.7.30/slf4j-api-1.7.30.jar:/home/dmgonzalez2/.m2/repository/io/qameta/allure/allure-model/2.19.0/allure-model-2.19.0.jar:/home/dmgonzalez2/.m2/repository/io/cucumber/gherkin/23.0.1/gherkin-23.0.1.jar:/home/dmgonzalez2/.m2/repository/ch/qos/logback/logback-classic/1.3.5/logback-classic-1.3.5.jar:/home/dmgonzalez2/.m2/repository/ch/qos/logback/logback-core/1.3.5/logback-core-1.3.5.jar:/home/dmgonzalez2/.m2/repository/com/beust/jcommander/1.82/jcommander-1.82.jar:/home/dmgonzalez2/.m2/repository/com/fasterxml/jackson/core/jackson-databind/2.14.1/jackson-databind-2.14.1.jar:/home/dmgonzalez2/.m2/repository/com/fasterxml/jackson/core/jackson-annotations/2.14.1/jackson-annotations-2.14.1.jar:/home/dmgonzalez2/.m2/repository/com/fasterxml/jackson/core/jackson-core/2.14.1/jackson-core-2.14.1.jar:/home/dmgonzalez2/.m2/repository/com/fasterxml/jackson/dataformat/jackson-dataformat-yaml/2.14.1/jackson-dataformat-yaml-2.14.1.jar:/home/dmgonzalez2/.m2/repository/org/yaml/snakeyaml/1.33/snakeyaml-1.33.jar:/home/dmgonzalez2/.m2/repository/commons-io/commons-io/2.11.0/commons-io-2.11.0.jar:/home/dmgonzalez2/.m2/repository/org/eclipse/jetty/jetty-server/9.4.49.v20220914/jetty-server-9.4.49.v20220914.jar:/home/dmgonzalez2/.m2/repository/javax/servlet/javax.servlet-api/3.1.0/javax.servlet-api-3.1.0.jar:/home/dmgonzalez2/.m2/repository/org/eclipse/jetty/jetty-http/9.4.49.v20220914/jetty-http-9.4.49.v20220914.jar:/home/dmgonzalez2/.m2/repository/org/eclipse/jetty/jetty-util/9.4.49.v20220914/jetty-util-9.4.49.v20220914.jar:/home/dmgonzalez2/.m2/repository/org/eclipse/jetty/jetty-io/9.4.49.v20220914/jetty-io-9.4.49.v20220914.jar:/home/dmgonzalez2/.m2/repository/io/qameta/allure/allure-generator/2.21.0/allure-generator-2.21.0.jar:/home/dmgonzalez2/.m2/repository/io/qameta/allure/allure-plugin-api/2.21.0/allure-plugin-api-2.21.0.jar:/home/dmgonzalez2/.m2/repository/com/opencsv/opencsv/4.6/opencsv-4.6.jar:/home/dmgonzalez2/.m2/repository/org/apache/commons/commons-text/1.3/commons-text-1.3.jar:/home/dmgonzalez2/.m2/repository/commons-beanutils/commons-beanutils/1.9.3/commons-beanutils-1.9.3.jar:/home/dmgonzalez2/.m2/repository/commons-collections/commons-collections/3.2.2/commons-collections-3.2.2.jar:/home/dmgonzalez2/.m2/repository/org/apache/commons/commons-collections4/4.2/commons-collections4-4.2.jar:/home/dmgonzalez2/.m2/repository/com/vladsch/flexmark/flexmark/0.62.2/flexmark-0.62.2.jar:/home/dmgonzalez2/.m2/repository/com/vladsch/flexmark/flexmark-util-ast/0.62.2/flexmark-util-ast-0.62.2.jar:/home/dmgonzalez2/.m2/repository/org/jetbrains/annotations/15.0/annotations-15.0.jar:/home/dmgonzalez2/.m2/repository/com/vladsch/flexmark/flexmark-util-builder/0.62.2/flexmark-util-builder-0.62.2.jar:/home/dmgonzalez2/.m2/repository/com/vladsch/flexmark/flexmark-util-collection/0.62.2/flexmark-util-collection-0.62.2.jar:/home/dmgonzalez2/.m2/repository/com/vladsch/flexmark/flexmark-util-data/0.62.2/flexmark-util-data-0.62.2.jar:/home/dmgonzalez2/.m2/repository/com/vladsch/flexmark/flexmark-util-dependency/0.62.2/flexmark-util-dependency-0.62.2.jar:/home/dmgonzalez2/.m2/repository/com/vladsch/flexmark/flexmark-util-format/0.62.2/flexmark-util-format-0.62.2.jar:/home/dmgonzalez2/.m2/repository/com/vladsch/flexmark/flexmark-util-html/0.62.2/flexmark-util-html-0.62.2.jar:/home/dmgonzalez2/.m2/repository/com/vladsch/flexmark/flexmark-util-misc/0.62.2/flexmark-util-misc-0.62.2.jar:/home/dmgonzalez2/.m2/repository/com/vladsch/flexmark/flexmark-util-sequence/0.62.2/flexmark-util-sequence-0.62.2.jar:/home/dmgonzalez2/.m2/repository/com/vladsch/flexmark/flexmark-util-visitor/0.62.2/flexmark-util-visitor-0.62.2.jar:/home/dmgonzalez2/.m2/repository/com/vladsch/flexmark/flexmark-ext-tables/0.62.2/flexmark-ext-tables-0.62.2.jar:/home/dmgonzalez2/.m2/repository/com/vladsch/flexmark/flexmark-util/0.62.2/flexmark-util-0.62.2.jar:/home/dmgonzalez2/.m2/repository/com/vladsch/flexmark/flexmark-util-options/0.62.2/flexmark-util-options-0.62.2.jar:/home/dmgonzalez2/.m2/repository/com/fasterxml/jackson/dataformat/jackson-dataformat-xml/2.14.1/jackson-dataformat-xml-2.14.1.jar:/home/dmgonzalez2/.m2/repository/org/codehaus/woodstox/stax2-api/4.2.1/stax2-api-4.2.1.jar:/home/dmgonzalez2/.m2/repository/com/fasterxml/woodstox/woodstox-core/6.4.0/woodstox-core-6.4.0.jar:/home/dmgonzalez2/.m2/repository/com/fasterxml/jackson/module/jackson-module-jaxb-annotations/2.14.1/jackson-module-jaxb-annotations-2.14.1.jar:/home/dmgonzalez2/.m2/repository/jakarta/activation/jakarta.activation-api/1.2.2/jakarta.activation-api-1.2.2.jar:/home/dmgonzalez2/.m2/repository/javax/xml/bind/jaxb-api/2.3.1/jaxb-api-2.3.1.jar:/home/dmgonzalez2/.m2/repository/javax/activation/javax.activation-api/1.2.0/javax.activation-api-1.2.0.jar:/home/dmgonzalez2/.m2/repository/org/allurefw/allure1-model/1.0/allure1-model-1.0.jar:/home/dmgonzalez2/.m2/repository/ru/qatools/commons/properties/2.0.RC5/properties-2.0.RC5.jar:/home/dmgonzalez2/.m2/repository/com/github/baev/jaxb-utils/1.0/jaxb-utils-1.0.jar:/home/dmgonzalez2/.m2/repository/org/apache/tika/tika-core/2.6.0/tika-core-2.6.0.jar:/home/dmgonzalez2/.m2/repository/org/freemarker/freemarker/2.3.32/freemarker-2.3.32.jar:/home/dmgonzalez2/.m2/repository/org/json/json/20230227/json-20230227.jar:/home/dmgonzalez2/.m2/repository/io/rest-assured/rest-assured/4.3.3/rest-assured-4.3.3.jar:/home/dmgonzalez2/.m2/repository/org/codehaus/groovy/groovy/3.0.7/groovy-3.0.7.jar:/home/dmgonzalez2/.m2/repository/org/codehaus/groovy/groovy-xml/3.0.7/groovy-xml-3.0.7.jar:/home/dmgonzalez2/.m2/repository/org/apache/httpcomponents/httpclient/4.5.3/httpclient-4.5.3.jar:/home/dmgonzalez2/.m2/repository/org/apache/httpcomponents/httpcore/4.4.6/httpcore-4.4.6.jar:/home/dmgonzalez2/.m2/repository/commons-logging/commons-logging/1.2/commons-logging-1.2.jar:/home/dmgonzalez2/.m2/repository/commons-codec/commons-codec/1.9/commons-codec-1.9.jar:/home/dmgonzalez2/.m2/repository/org/apache/httpcomponents/httpmime/4.5.3/httpmime-4.5.3.jar:/home/dmgonzalez2/.m2/repository/org/ccil/cowan/tagsoup/tagsoup/1.2.1/tagsoup-1.2.1.jar:/home/dmgonzalez2/.m2/repository/io/rest-assured/json-path/4.3.3/json-path-4.3.3.jar:/home/dmgonzalez2/.m2/repository/org/codehaus/groovy/groovy-json/3.0.7/groovy-json-3.0.7.jar:/home/dmgonzalez2/.m2/repository/io/rest-assured/rest-assured-common/4.3.3/rest-assured-common-4.3.3.jar:/home/dmgonzalez2/.m2/repository/io/rest-assured/xml-path/4.3.3/xml-path-4.3.3.jar:/home/dmgonzalez2/.m2/repository/org/apache/commons/commons-lang3/3.11/commons-lang3-3.11.jar:/home/dmgonzalez2/.m2/repository/jakarta/xml/bind/jakarta.xml.bind-api/2.3.3/jakarta.xml.bind-api-2.3.3.jar:/home/dmgonzalez2/.m2/repository/com/sun/xml/bind/jaxb-impl/2.3.3/jaxb-impl-2.3.3.jar:"/>
    <property name="java.vm.vendor" value="Ubuntu"/>
    <property name="sun.arch.data.model" value="64"/>
    <property name="java.vendor.url" value="https://ubuntu.com/"/>
    <property name="user.timezone" value=""/>
    <property name="java.vm.specification.version" value="11"/>
    <property name="os.name" value="Linux"/>
    <property name="sun.java.launcher" value="SUN_STANDARD"/>
    <property name="user.country" value="ES"/>
    <property name="sun.boot.library.path" value="/usr/lib/jvm/java-11-openjdk-amd64/lib"/>
    <property name="sun.java.command" value="/home/dmgonzalez2/Descargas/challenge-pilot/target/surefire/surefirebooter2927364821460366679.jar /home/dmgonzalez2/Descargas/challenge-pilot/target/surefire 2023-10-23T13-15-11_482-jvmRun1 surefire14283038926314287055tmp surefire_017119306462230153534tmp"/>
    <property name="jdk.debug" value="release"/>
    <property name="surefire.test.class.path" value="/home/dmgonzalez2/Descargas/challenge-pilot/target/test-classes:/home/dmgonzalez2/Descargas/challenge-pilot/target/classes:/home/dmgonzalez2/.m2/repository/io/cucumber/cucumber-java/7.4.1/cucumber-java-7.4.1.jar:/home/dmgonzalez2/.m2/repository/io/cucumber/cucumber-core/7.4.1/cucumber-core-7.4.1.jar:/home/dmgonzalez2/.m2/repository/io/cucumber/cucumber-gherkin/7.4.1/cucumber-gherkin-7.4.1.jar:/home/dmgonzalez2/.m2/repository/io/cucumber/cucumber-gherkin-messages/7.4.1/cucumber-gherkin-messages-7.4.1.jar:/home/dmgonzalez2/.m2/repository/io/cucumber/messages/18.0.0/messages-18.0.0.jar:/home/dmgonzalez2/.m2/repository/io/cucumber/tag-expressions/4.1.0/tag-expressions-4.1.0.jar:/home/dmgonzalez2/.m2/repository/io/cucumber/cucumber-expressions/16.0.0/cucumber-expressions-16.0.0.jar:/home/dmgonzalez2/.m2/repository/io/cucumber/datatable/7.4.1/datatable-7.4.1.jar:/home/dmgonzalez2/.m2/repository/io/cucumber/cucumber-plugin/7.4.1/cucumber-plugin-7.4.1.jar:/home/dmgonzalez2/.m2/repository/io/cucumber/docstring/7.4.1/docstring-7.4.1.jar:/home/dmgonzalez2/.m2/repository/io/cucumber/html-formatter/19.2.0/html-formatter-19.2.0.jar:/home/dmgonzalez2/.m2/repository/io/cucumber/ci-environment/9.0.4/ci-environment-9.0.4.jar:/home/dmgonzalez2/.m2/repository/org/apiguardian/apiguardian-api/1.1.2/apiguardian-api-1.1.2.jar:/home/dmgonzalez2/.m2/repository/io/cucumber/cucumber-junit/7.4.1/cucumber-junit-7.4.1.jar:/home/dmgonzalez2/.m2/repository/org/awaitility/awaitility/4.2.0/awaitility-4.2.0.jar:/home/dmgonzalez2/.m2/repository/org/hamcrest/hamcrest/2.1/hamcrest-2.1.jar:/home/dmgonzalez2/.m2/repository/org/seleniumhq/selenium/selenium-java/4.8.1/selenium-java-4.8.1.jar:/home/dmgonzalez2/.m2/repository/org/seleniumhq/selenium/selenium-api/4.8.1/selenium-api-4.8.1.jar:/home/dmgonzalez2/.m2/repository/org/seleniumhq/selenium/selenium-chrome-driver/4.8.1/selenium-chrome-driver-4.8.1.jar:/home/dmgonzalez2/.m2/repository/com/google/auto/service/auto-service-annotations/1.0.1/auto-service-annotations-1.0.1.jar:/home/dmgonzalez2/.m2/repository/com/google/auto/service/auto-service/1.0.1/auto-service-1.0.1.jar:/home/dmgonzalez2/.m2/repository/com/google/auto/auto-common/1.2/auto-common-1.2.jar:/home/dmgonzalez2/.m2/repository/com/google/guava/guava/31.1-jre/guava-31.1-jre.jar:/home/dmgonzalez2/.m2/repository/com/google/guava/failureaccess/1.0.1/failureaccess-1.0.1.jar:/home/dmgonzalez2/.m2/repository/com/google/guava/listenablefuture/9999.0-empty-to-avoid-conflict-with-guava/listenablefuture-9999.0-empty-to-avoid-conflict-with-guava.jar:/home/dmgonzalez2/.m2/repository/com/google/code/findbugs/jsr305/3.0.2/jsr305-3.0.2.jar:/home/dmgonzalez2/.m2/repository/org/checkerframework/checker-qual/3.12.0/checker-qual-3.12.0.jar:/home/dmgonzalez2/.m2/repository/com/google/errorprone/error_prone_annotations/2.11.0/error_prone_annotations-2.11.0.jar:/home/dmgonzalez2/.m2/repository/com/google/j2objc/j2objc-annotations/1.3/j2objc-annotations-1.3.jar:/home/dmgonzalez2/.m2/repository/org/seleniumhq/selenium/selenium-chromium-driver/4.8.1/selenium-chromium-driver-4.8.1.jar:/home/dmgonzalez2/.m2/repository/org/seleniumhq/selenium/selenium-json/4.8.1/selenium-json-4.8.1.jar:/home/dmgonzalez2/.m2/repository/org/seleniumhq/selenium/selenium-devtools-v108/4.8.1/selenium-devtools-v108-4.8.1.jar:/home/dmgonzalez2/.m2/repository/org/seleniumhq/selenium/selenium-devtools-v109/4.8.1/selenium-devtools-v109-4.8.1.jar:/home/dmgonzalez2/.m2/repository/org/seleniumhq/selenium/selenium-devtools-v110/4.8.1/selenium-devtools-v110-4.8.1.jar:/home/dmgonzalez2/.m2/repository/org/seleniumhq/selenium/selenium-devtools-v85/4.8.1/selenium-devtools-v85-4.8.1.jar:/home/dmgonzalez2/.m2/repository/org/seleniumhq/selenium/selenium-edge-driver/4.8.1/selenium-edge-driver-4.8.1.jar:/home/dmgonzalez2/.m2/repository/org/seleniumhq/selenium/selenium-firefox-driver/4.8.1/selenium-firefox-driver-4.8.1.jar:/home/dmgonzalez2/.m2/repository/org/seleniumhq/selenium/selenium-http/4.8.1/selenium-http-4.8.1.jar:/home/dmgonzalez2/.m2/repository/dev/failsafe/failsafe/3.3.0/failsafe-3.3.0.jar:/home/dmgonzalez2/.m2/repository/org/seleniumhq/selenium/selenium-ie-driver/4.8.1/selenium-ie-driver-4.8.1.jar:/home/dmgonzalez2/.m2/repository/org/seleniumhq/selenium/selenium-remote-driver/4.8.1/selenium-remote-driver-4.8.1.jar:/home/dmgonzalez2/.m2/repository/io/netty/netty-buffer/4.1.87.Final/netty-buffer-4.1.87.Final.jar:/home/dmgonzalez2/.m2/repository/io/netty/netty-codec-http/4.1.87.Final/netty-codec-http-4.1.87.Final.jar:/home/dmgonzalez2/.m2/repository/io/netty/netty-codec/4.1.87.Final/netty-codec-4.1.87.Final.jar:/home/dmgonzalez2/.m2/repository/io/netty/netty-handler/4.1.87.Final/netty-handler-4.1.87.Final.jar:/home/dmgonzalez2/.m2/repository/io/netty/netty-common/4.1.87.Final/netty-common-4.1.87.Final.jar:/home/dmgonzalez2/.m2/repository/io/netty/netty-transport-classes-epoll/4.1.87.Final/netty-transport-classes-epoll-4.1.87.Final.jar:/home/dmgonzalez2/.m2/repository/io/netty/netty-transport-classes-kqueue/4.1.87.Final/netty-transport-classes-kqueue-4.1.87.Final.jar:/home/dmgonzalez2/.m2/repository/io/netty/netty-transport-native-epoll/4.1.87.Final/netty-transport-native-epoll-4.1.87.Final.jar:/home/dmgonzalez2/.m2/repository/io/netty/netty-transport-native-kqueue/4.1.87.Final/netty-transport-native-kqueue-4.1.87.Final.jar:/home/dmgonzalez2/.m2/repository/io/netty/netty-transport-native-unix-common/4.1.87.Final/netty-transport-native-unix-common-4.1.87.Final.jar:/home/dmgonzalez2/.m2/repository/io/netty/netty-transport/4.1.87.Final/netty-transport-4.1.87.Final.jar:/home/dmgonzalez2/.m2/repository/io/netty/netty-resolver/4.1.87.Final/netty-resolver-4.1.87.Final.jar:/home/dmgonzalez2/.m2/repository/io/opentelemetry/opentelemetry-api/1.22.0/opentelemetry-api-1.22.0.jar:/home/dmgonzalez2/.m2/repository/io/opentelemetry/opentelemetry-context/1.22.0/opentelemetry-context-1.22.0.jar:/home/dmgonzalez2/.m2/repository/io/opentelemetry/opentelemetry-exporter-logging/1.22.0/opentelemetry-exporter-logging-1.22.0.jar:/home/dmgonzalez2/.m2/repository/io/opentelemetry/opentelemetry-sdk-metrics/1.22.0/opentelemetry-sdk-metrics-1.22.0.jar:/home/dmgonzalez2/.m2/repository/io/opentelemetry/opentelemetry-sdk-logs/1.22.0-alpha/opentelemetry-sdk-logs-1.22.0-alpha.jar:/home/dmgonzalez2/.m2/repository/io/opentelemetry/opentelemetry-api-logs/1.22.0-alpha/opentelemetry-api-logs-1.22.0-alpha.jar:/home/dmgonzalez2/.m2/repository/io/opentelemetry/opentelemetry-sdk-common/1.22.0/opentelemetry-sdk-common-1.22.0.jar:/home/dmgonzalez2/.m2/repository/io/opentelemetry/opentelemetry-sdk-extension-autoconfigure-spi/1.22.0/opentelemetry-sdk-extension-autoconfigure-spi-1.22.0.jar:/home/dmgonzalez2/.m2/repository/io/opentelemetry/opentelemetry-sdk-extension-autoconfigure/1.22.0-alpha/opentelemetry-sdk-extension-autoconfigure-1.22.0-alpha.jar:/home/dmgonzalez2/.m2/repository/io/opentelemetry/opentelemetry-sdk-trace/1.22.0/opentelemetry-sdk-trace-1.22.0.jar:/home/dmgonzalez2/.m2/repository/io/opentelemetry/opentelemetry-sdk/1.22.0/opentelemetry-sdk-1.22.0.jar:/home/dmgonzalez2/.m2/repository/io/opentelemetry/opentelemetry-semconv/1.22.0-alpha/opentelemetry-semconv-1.22.0-alpha.jar:/home/dmgonzalez2/.m2/repository/io/ous/jtoml/2.0.0/jtoml-2.0.0.jar:/home/dmgonzalez2/.m2/repository/net/bytebuddy/byte-buddy/1.12.22/byte-buddy-1.12.22.jar:/home/dmgonzalez2/.m2/repository/org/apache/commons/commons-exec/1.3/commons-exec-1.3.jar:/home/dmgonzalez2/.m2/repository/org/asynchttpclient/async-http-client/2.12.3/async-http-client-2.12.3.jar:/home/dmgonzalez2/.m2/repository/org/asynchttpclient/async-http-client-netty-utils/2.12.3/async-http-client-netty-utils-2.12.3.jar:/home/dmgonzalez2/.m2/repository/io/netty/netty-codec-socks/4.1.60.Final/netty-codec-socks-4.1.60.Final.jar:/home/dmgonzalez2/.m2/repository/io/netty/netty-handler-proxy/4.1.60.Final/netty-handler-proxy-4.1.60.Final.jar:/home/dmgonzalez2/.m2/repository/io/netty/netty-transport-native-epoll/4.1.60.Final/netty-transport-native-epoll-4.1.60.Final-linux-x86_64.jar:/home/dmgonzalez2/.m2/repository/io/netty/netty-transport-native-kqueue/4.1.60.Final/netty-transport-native-kqueue-4.1.60.Final-osx-x86_64.jar:/home/dmgonzalez2/.m2/repository/org/reactivestreams/reactive-streams/1.0.3/reactive-streams-1.0.3.jar:/home/dmgonzalez2/.m2/repository/com/typesafe/netty/netty-reactive-streams/2.0.4/netty-reactive-streams-2.0.4.jar:/home/dmgonzalez2/.m2/repository/com/sun/activation/jakarta.activation/1.2.2/jakarta.activation-1.2.2.jar:/home/dmgonzalez2/.m2/repository/org/seleniumhq/selenium/selenium-manager/4.8.1/selenium-manager-4.8.1.jar:/home/dmgonzalez2/.m2/repository/org/seleniumhq/selenium/selenium-safari-driver/4.8.1/selenium-safari-driver-4.8.1.jar:/home/dmgonzalez2/.m2/repository/org/seleniumhq/selenium/selenium-support/4.8.1/selenium-support-4.8.1.jar:/home/dmgonzalez2/.m2/repository/junit/junit/4.13.2/junit-4.13.2.jar:/home/dmgonzalez2/.m2/repository/org/hamcrest/hamcrest-core/1.3/hamcrest-core-1.3.jar:/home/dmgonzalez2/.m2/repository/org/aeonbits/owner/owner/1.0.12/owner-1.0.12.jar:/home/dmgonzalez2/.m2/repository/io/qameta/allure/allure-cucumber7-jvm/2.19.0/allure-cucumber7-jvm-2.19.0.jar:/home/dmgonzalez2/.m2/repository/io/qameta/allure/allure-java-commons/2.19.0/allure-java-commons-2.19.0.jar:/home/dmgonzalez2/.m2/repository/org/slf4j/slf4j-api/1.7.30/slf4j-api-1.7.30.jar:/home/dmgonzalez2/.m2/repository/io/qameta/allure/allure-model/2.19.0/allure-model-2.19.0.jar:/home/dmgonzalez2/.m2/repository/io/cucumber/gherkin/23.0.1/gherkin-23.0.1.jar:/home/dmgonzalez2/.m2/repository/ch/qos/logback/logback-classic/1.3.5/logback-classic-1.3.5.jar:/home/dmgonzalez2/.m2/repository/ch/qos/logback/logback-core/1.3.5/logback-core-1.3.5.jar:/home/dmgonzalez2/.m2/repository/com/beust/jcommander/1.82/jcommander-1.82.jar:/home/dmgonzalez2/.m2/repository/com/fasterxml/jackson/core/jackson-databind/2.14.1/jackson-databind-2.14.1.jar:/home/dmgonzalez2/.m2/repository/com/fasterxml/jackson/core/jackson-annotations/2.14.1/jackson-annotations-2.14.1.jar:/home/dmgonzalez2/.m2/repository/com/fasterxml/jackson/core/jackson-core/2.14.1/jackson-core-2.14.1.jar:/home/dmgonzalez2/.m2/repository/com/fasterxml/jackson/dataformat/jackson-dataformat-yaml/2.14.1/jackson-dataformat-yaml-2.14.1.jar:/home/dmgonzalez2/.m2/repository/org/yaml/snakeyaml/1.33/snakeyaml-1.33.jar:/home/dmgonzalez2/.m2/repository/commons-io/commons-io/2.11.0/commons-io-2.11.0.jar:/home/dmgonzalez2/.m2/repository/org/eclipse/jetty/jetty-server/9.4.49.v20220914/jetty-server-9.4.49.v20220914.jar:/home/dmgonzalez2/.m2/repository/javax/servlet/javax.servlet-api/3.1.0/javax.servlet-api-3.1.0.jar:/home/dmgonzalez2/.m2/repository/org/eclipse/jetty/jetty-http/9.4.49.v20220914/jetty-http-9.4.49.v20220914.jar:/home/dmgonzalez2/.m2/repository/org/eclipse/jetty/jetty-util/9.4.49.v20220914/jetty-util-9.4.49.v20220914.jar:/home/dmgonzalez2/.m2/repository/org/eclipse/jetty/jetty-io/9.4.49.v20220914/jetty-io-9.4.49.v20220914.jar:/home/dmgonzalez2/.m2/repository/io/qameta/allure/allure-generator/2.21.0/allure-generator-2.21.0.jar:/home/dmgonzalez2/.m2/repository/io/qameta/allure/allure-plugin-api/2.21.0/allure-plugin-api-2.21.0.jar:/home/dmgonzalez2/.m2/repository/com/opencsv/opencsv/4.6/opencsv-4.6.jar:/home/dmgonzalez2/.m2/repository/org/apache/commons/commons-text/1.3/commons-text-1.3.jar:/home/dmgonzalez2/.m2/repository/commons-beanutils/commons-beanutils/1.9.3/commons-beanutils-1.9.3.jar:/home/dmgonzalez2/.m2/repository/commons-collections/commons-collections/3.2.2/commons-collections-3.2.2.jar:/home/dmgonzalez2/.m2/repository/org/apache/commons/commons-collections4/4.2/commons-collections4-4.2.jar:/home/dmgonzalez2/.m2/repository/com/vladsch/flexmark/flexmark/0.62.2/flexmark-0.62.2.jar:/home/dmgonzalez2/.m2/repository/com/vladsch/flexmark/flexmark-util-ast/0.62.2/flexmark-util-ast-0.62.2.jar:/home/dmgonzalez2/.m2/repository/org/jetbrains/annotations/15.0/annotations-15.0.jar:/home/dmgonzalez2/.m2/repository/com/vladsch/flexmark/flexmark-util-builder/0.62.2/flexmark-util-builder-0.62.2.jar:/home/dmgonzalez2/.m2/repository/com/vladsch/flexmark/flexmark-util-collection/0.62.2/flexmark-util-collection-0.62.2.jar:/home/dmgonzalez2/.m2/repository/com/vladsch/flexmark/flexmark-util-data/0.62.2/flexmark-util-data-0.62.2.jar:/home/dmgonzalez2/.m2/repository/com/vladsch/flexmark/flexmark-util-dependency/0.62.2/flexmark-util-dependency-0.62.2.jar:/home/dmgonzalez2/.m2/repository/com/vladsch/flexmark/flexmark-util-format/0.62.2/flexmark-util-format-0.62.2.jar:/home/dmgonzalez2/.m2/repository/com/vladsch/flexmark/flexmark-util-html/0.62.2/flexmark-util-html-0.62.2.jar:/home/dmgonzalez2/.m2/repository/com/vladsch/flexmark/flexmark-util-misc/0.62.2/flexmark-util-misc-0.62.2.jar:/home/dmgonzalez2/.m2/repository/com/vladsch/flexmark/flexmark-util-sequence/0.62.2/flexmark-util-sequence-0.62.2.jar:/home/dmgonzalez2/.m2/repository/com/vladsch/flexmark/flexmark-util-visitor/0.62.2/flexmark-util-visitor-0.62.2.jar:/home/dmgonzalez2/.m2/repository/com/vladsch/flexmark/flexmark-ext-tables/0.62.2/flexmark-ext-tables-0.62.2.jar:/home/dmgonzalez2/.m2/repository/com/vladsch/flexmark/flexmark-util/0.62.2/flexmark-util-0.62.2.jar:/home/dmgonzalez2/.m2/repository/com/vladsch/flexmark/flexmark-util-options/0.62.2/flexmark-util-options-0.62.2.jar:/home/dmgonzalez2/.m2/repository/com/fasterxml/jackson/dataformat/jackson-dataformat-xml/2.14.1/jackson-dataformat-xml-2.14.1.jar:/home/dmgonzalez2/.m2/repository/org/codehaus/woodstox/stax2-api/4.2.1/stax2-api-4.2.1.jar:/home/dmgonzalez2/.m2/repository/com/fasterxml/woodstox/woodstox-core/6.4.0/woodstox-core-6.4.0.jar:/home/dmgonzalez2/.m2/repository/com/fasterxml/jackson/module/jackson-module-jaxb-annotations/2.14.1/jackson-module-jaxb-annotations-2.14.1.jar:/home/dmgonzalez2/.m2/repository/jakarta/activation/jakarta.activation-api/1.2.2/jakarta.activation-api-1.2.2.jar:/home/dmgonzalez2/.m2/repository/javax/xml/bind/jaxb-api/2.3.1/jaxb-api-2.3.1.jar:/home/dmgonzalez2/.m2/repository/javax/activation/javax.activation-api/1.2.0/javax.activation-api-1.2.0.jar:/home/dmgonzalez2/.m2/repository/org/allurefw/allure1-model/1.0/allure1-model-1.0.jar:/home/dmgonzalez2/.m2/repository/ru/qatools/commons/properties/2.0.RC5/properties-2.0.RC5.jar:/home/dmgonzalez2/.m2/repository/com/github/baev/jaxb-utils/1.0/jaxb-utils-1.0.jar:/home/dmgonzalez2/.m2/repository/org/apache/tika/tika-core/2.6.0/tika-core-2.6.0.jar:/home/dmgonzalez2/.m2/repository/org/freemarker/freemarker/2.3.32/freemarker-2.3.32.jar:/home/dmgonzalez2/.m2/repository/org/json/json/20230227/json-20230227.jar:/home/dmgonzalez2/.m2/repository/io/rest-assured/rest-assured/4.3.3/rest-assured-4.3.3.jar:/home/dmgonzalez2/.m2/repository/org/codehaus/groovy/groovy/3.0.7/groovy-3.0.7.jar:/home/dmgonzalez2/.m2/repository/org/codehaus/groovy/groovy-xml/3.0.7/groovy-xml-3.0.7.jar:/home/dmgonzalez2/.m2/repository/org/apache/httpcomponents/httpclient/4.5.3/httpclient-4.5.3.jar:/home/dmgonzalez2/.m2/repository/org/apache/httpcomponents/httpcore/4.4.6/httpcore-4.4.6.jar:/home/dmgonzalez2/.m2/repository/commons-logging/commons-logging/1.2/commons-logging-1.2.jar:/home/dmgonzalez2/.m2/repository/commons-codec/commons-codec/1.9/commons-codec-1.9.jar:/home/dmgonzalez2/.m2/repository/org/apache/httpcomponents/httpmime/4.5.3/httpmime-4.5.3.jar:/home/dmgonzalez2/.m2/repository/org/ccil/cowan/tagsoup/tagsoup/1.2.1/tagsoup-1.2.1.jar:/home/dmgonzalez2/.m2/repository/io/rest-assured/json-path/4.3.3/json-path-4.3.3.jar:/home/dmgonzalez2/.m2/repository/org/codehaus/groovy/groovy-json/3.0.7/groovy-json-3.0.7.jar:/home/dmgonzalez2/.m2/repository/io/rest-assured/rest-assured-common/4.3.3/rest-assured-common-4.3.3.jar:/home/dmgonzalez2/.m2/repository/io/rest-assured/xml-path/4.3.3/xml-path-4.3.3.jar:/home/dmgonzalez2/.m2/repository/org/apache/commons/commons-lang3/3.11/commons-lang3-3.11.jar:/home/dmgonzalez2/.m2/repository/jakarta/xml/bind/jakarta.xml.bind-api/2.3.3/jakarta.xml.bind-api-2.3.3.jar:/home/dmgonzalez2/.m2/repository/com/sun/xml/bind/jaxb-impl/2.3.3/jaxb-impl-2.3.3.jar:"/>
    <property name="allure.results.directory" value="/home/dmgonzalez2/Descargas/challenge-pilot/target/allure-results"/>
    <property name="sun.cpu.endian" value="little"/>
    <property name="user.home" value="/home/dmgonzalez2"/>
    <property name="user.language" value="es"/>
    <property name="java.specification.vendor" value="Oracle Corporation"/>
    <property name="java.version.date" value="2023-08-24"/>
    <property name="java.home" value="/usr/lib/jvm/java-11-openjdk-amd64"/>
    <property name="file.separator" value="/"/>
    <property name="basedir" value="/home/dmgonzalez2/Descargas/challenge-pilot"/>
    <property name="java.vm.compressedOopsMode" value="Zero based"/>
    <property name="line.separator" value="&#10;"/>
    <property name="java.specification.name" value="Java Platform API Specification"/>
    <property name="java.vm.specification.vendor" value="Oracle Corporation"/>
    <property name="java.awt.graphicsenv" value="sun.awt.X11GraphicsEnvironment"/>
    <property name="surefire.real.class.path" value="/home/dmgonzalez2/Descargas/challenge-pilot/target/surefire/surefirebooter2927364821460366679.jar"/>
    <property name="sun.management.compiler" value="HotSpot 64-Bit Tiered Compilers"/>
    <property name="java.runtime.version" value="11.0.20.1+1-post-Ubuntu-0ubuntu122.04"/>
    <property name="user.name" value="dmgonzalez2"/>
    <property name="path.separator" value=":"/>
    <property name="os.version" value="6.2.0-33-generic"/>
    <property name="java.runtime.name" value="OpenJDK Runtime Environment"/>
    <property name="file.encoding" value="UTF-8"/>
    <property name="java.vm.name" value="OpenJDK 64-Bit Server VM"/>
    <property name="localRepository" value="/home/dmgonzalez2/.m2/repository"/>
    <property name="java.vendor.url.bug" value="https://bugs.launchpad.net/ubuntu/+source/openjdk-lts"/>
    <property name="java.io.tmpdir" value="/tmp"/>
    <property name="os" value="linux"/>
    <property name="java.version" value="11.0.20.1"/>
    <property name="cucumber.filter.tags" value="@run"/>
    <property name="user.dir" value="/home/dmgonzalez2/Descargas/challenge-pilot"/>
    <property name="os.arch" value="amd64"/>
    <property name="java.vm.specification.name" value="Java Virtual Machine Specification"/>
    <property name="java.awt.printerjob" value="sun.print.PSPrinterJob"/>
    <property name="env" value="prod"/>
    <property name="sun.os.patch.level" value="unknown"/>
    <property name="java.library.path" value="/usr/java/packages/lib:/usr/lib/x86_64-linux-gnu/jni:/lib/x86_64-linux-gnu:/usr/lib/x86_64-linux-gnu:/usr/lib/jni:/lib:/usr/lib"/>
    <property name="java.vm.info" value="mixed mode, sharing"/>
    <property name="java.vendor" value="Ubuntu"/>
    <property name="java.vm.version" value="11.0.20.1+1-post-Ubuntu-0ubuntu122.04"/>
    <property name="java.specification.maintenance.version" value="2"/>
    <property name="sun.io.unicode.encoding" value="UnicodeLittle"/>
    <property name="java.class.version" value="55.0"/>
  </properties>
  <testcase name="Búsqueda en mercado libre - Visualización del tercer resultado obtenido" classname="Test de busqueda en mercado libre" time="21.152"/>
</testsuite>